mode: count
github.com/resistance22/university_project/main.go:15.13,19.16 2 0
github.com/resistance22/university_project/main.go:19.16,21.3 1 0
github.com/resistance22/university_project/main.go:23.2,25.16 3 0
github.com/resistance22/university_project/main.go:25.16,28.3 2 0
github.com/resistance22/university_project/main.go:30.2,32.100 3 0
github.com/resistance22/university_project/main.go:32.100,34.3 1 0
github.com/resistance22/university_project/Controller/user.go:22.60,24.48 2 0
github.com/resistance22/university_project/Controller/user.go:24.48,29.3 4 0
github.com/resistance22/university_project/Controller/user.go:31.2,33.16 2 0
github.com/resistance22/university_project/Controller/user.go:33.16,38.3 4 0
github.com/resistance22/university_project/Controller/user.go:40.2,42.16 2 0
github.com/resistance22/university_project/Controller/user.go:42.16,47.3 4 0
github.com/resistance22/university_project/Controller/user.go:48.2,52.43 4 0
github.com/resistance22/university_project/Controller/user.go:56.57,58.48 2 0
github.com/resistance22/university_project/Controller/user.go:58.48,63.3 4 0
github.com/resistance22/university_project/Controller/user.go:65.2,67.16 2 0
github.com/resistance22/university_project/Controller/user.go:67.16,72.3 4 0
github.com/resistance22/university_project/Controller/user.go:74.2,76.43 3 0
github.com/resistance22/university_project/Controller/user.go:79.62,83.2 1 0
github.com/resistance22/university_project/Config/config.go:12.74,21.16 6 0
github.com/resistance22/university_project/Config/config.go:21.16,23.3 1 0
github.com/resistance22/university_project/Config/config.go:25.2,26.8 2 0
github.com/resistance22/university_project/api/middlewares/ErrorHandler.go:10.53,11.25 1 0
github.com/resistance22/university_project/api/middlewares/ErrorHandler.go:12.23,13.12 1 0
github.com/resistance22/university_project/api/middlewares/ErrorHandler.go:14.10,18.4 1 0
github.com/resistance22/university_project/api/middlewares/ErrorHandler.go:22.44,26.2 3 0
github.com/resistance22/university_project/api/server.go:21.64,24.43 2 0
github.com/resistance22/university_project/api/server.go:24.43,28.3 1 0
github.com/resistance22/university_project/api/server.go:30.2,31.2 2 0
github.com/resistance22/university_project/api/server.go:31.2,33.3 2 0
github.com/resistance22/university_project/api/server.go:33.3,35.18 2 0
github.com/resistance22/university_project/api/server.go:35.18,37.5 1 0
github.com/resistance22/university_project/api/server.go:38.4,42.41 5 0
github.com/resistance22/university_project/api/server.go:46.2,51.15 2 0
github.com/resistance22/university_project/api/server.go:54.51,56.2 1 0
github.com/resistance22/university_project/Token/paseto_maker.go:16.67,17.51 1 4
github.com/resistance22/university_project/Token/paseto_maker.go:17.51,19.3 1 1
github.com/resistance22/university_project/Token/paseto_maker.go:21.2,26.19 2 3
github.com/resistance22/university_project/Token/paseto_maker.go:29.116,35.16 2 2
github.com/resistance22/university_project/Token/paseto_maker.go:35.16,37.3 1 0
github.com/resistance22/university_project/Token/paseto_maker.go:39.2,39.63 1 2
github.com/resistance22/university_project/Token/paseto_maker.go:41.76,45.16 3 3
github.com/resistance22/university_project/Token/paseto_maker.go:45.16,47.3 1 1
github.com/resistance22/university_project/Token/paseto_maker.go:49.2,50.16 2 2
github.com/resistance22/university_project/Token/paseto_maker.go:50.16,52.3 1 1
github.com/resistance22/university_project/Token/paseto_maker.go:54.2,54.21 1 1
github.com/resistance22/university_project/Token/paylaod.go:21.21,23.16 2 2
github.com/resistance22/university_project/Token/paylaod.go:23.16,25.3 1 0
github.com/resistance22/university_project/Token/paylaod.go:26.2,34.21 3 2
github.com/resistance22/university_project/Token/paylaod.go:37.39,38.41 1 2
github.com/resistance22/university_project/Token/paylaod.go:38.41,40.3 1 1
github.com/resistance22/university_project/Token/paylaod.go:42.2,42.12 1 1
github.com/resistance22/university_project/Config/config.go:12.74,21.16 6 1
github.com/resistance22/university_project/Config/config.go:21.16,23.3 1 0
github.com/resistance22/university_project/Config/config.go:25.2,26.8 2 1
github.com/resistance22/university_project/db/sqlc/Store.go:12.39,17.2 1 0
github.com/resistance22/university_project/db/sqlc/db.go:20.28,22.2 1 1
github.com/resistance22/university_project/db/sqlc/db.go:28.46,32.2 1 0
github.com/resistance22/university_project/db/sqlc/query.sql.go:38.105,55.2 4 1
github.com/resistance22/university_project/db/sqlc/query.sql.go:84.90,103.2 4 2
github.com/resistance22/university_project/db/sqlc/query.sql.go:109.79,111.16 2 1
github.com/resistance22/university_project/db/sqlc/query.sql.go:111.16,113.3 1 0
github.com/resistance22/university_project/db/sqlc/query.sql.go:114.2,116.18 3 1
github.com/resistance22/university_project/db/sqlc/query.sql.go:116.18,124.17 2 1
github.com/resistance22/university_project/db/sqlc/query.sql.go:124.17,126.4 1 0
github.com/resistance22/university_project/db/sqlc/query.sql.go:127.3,127.27 1 1
github.com/resistance22/university_project/db/sqlc/query.sql.go:129.2,129.35 1 1
github.com/resistance22/university_project/db/sqlc/query.sql.go:129.35,131.3 1 0
github.com/resistance22/university_project/db/sqlc/query.sql.go:132.2,132.19 1 1
github.com/resistance22/university_project/db/sqlc/query.sql.go:139.71,141.16 2 1
github.com/resistance22/university_project/db/sqlc/query.sql.go:141.16,143.3 1 0
github.com/resistance22/university_project/db/sqlc/query.sql.go:144.2,146.18 3 1
github.com/resistance22/university_project/db/sqlc/query.sql.go:146.18,155.17 2 1
github.com/resistance22/university_project/db/sqlc/query.sql.go:155.17,157.4 1 0
github.com/resistance22/university_project/db/sqlc/query.sql.go:158.3,158.27 1 1
github.com/resistance22/university_project/db/sqlc/query.sql.go:160.2,160.35 1 1
github.com/resistance22/university_project/db/sqlc/query.sql.go:160.35,162.3 1 0
github.com/resistance22/university_project/db/sqlc/query.sql.go:163.2,163.19 1 1
github.com/resistance22/university_project/db/sqlc/query.sql.go:171.97,183.2 4 1
github.com/resistance22/university_project/Entity/user.go:29.18,32.16 2 2
github.com/resistance22/university_project/Entity/user.go:32.16,34.3 1 1
github.com/resistance22/university_project/Entity/user.go:36.2,43.8 1 1
github.com/resistance22/university_project/Controller/user.go:22.60,24.48 2 0
github.com/resistance22/university_project/Controller/user.go:24.48,29.3 4 0
github.com/resistance22/university_project/Controller/user.go:31.2,33.16 2 0
github.com/resistance22/university_project/Controller/user.go:33.16,38.3 4 0
github.com/resistance22/university_project/Controller/user.go:40.2,42.16 2 0
github.com/resistance22/university_project/Controller/user.go:42.16,47.3 4 0
github.com/resistance22/university_project/Controller/user.go:48.2,52.43 4 0
github.com/resistance22/university_project/Controller/user.go:56.57,58.48 2 0
github.com/resistance22/university_project/Controller/user.go:58.48,63.3 4 0
github.com/resistance22/university_project/Controller/user.go:65.2,67.16 2 0
github.com/resistance22/university_project/Controller/user.go:67.16,72.3 4 0
github.com/resistance22/university_project/Controller/user.go:74.2,76.43 3 0
github.com/resistance22/university_project/Controller/user.go:79.62,83.2 1 0
github.com/resistance22/university_project/UseCase/user.go:19.107,24.2 1 1
github.com/resistance22/university_project/UseCase/user.go:26.111,34.14 2 1
github.com/resistance22/university_project/UseCase/user.go:34.14,36.3 1 0
github.com/resistance22/university_project/UseCase/user.go:38.2,39.16 2 1
github.com/resistance22/university_project/UseCase/user.go:39.16,41.3 1 0
github.com/resistance22/university_project/UseCase/user.go:42.2,42.15 1 1
github.com/resistance22/university_project/UseCase/user.go:45.98,47.16 2 0
github.com/resistance22/university_project/UseCase/user.go:47.16,49.3 1 0
github.com/resistance22/university_project/UseCase/user.go:51.2,52.16 2 0
github.com/resistance22/university_project/UseCase/user.go:52.16,54.3 1 0
github.com/resistance22/university_project/UseCase/user.go:56.2,56.19 1 0
github.com/resistance22/university_project/Utils/GenerateRandomString.go:8.46,11.16 3 1
github.com/resistance22/university_project/Utils/GenerateRandomString.go:11.16,12.13 1 0
github.com/resistance22/university_project/Utils/GenerateRandomString.go:14.2,14.54 1 1
github.com/resistance22/university_project/Utils/HttpError.go:9.78,15.2 1 0
github.com/resistance22/university_project/Utils/HttpResponse.go:8.62,13.2 1 0
github.com/resistance22/university_project/Utils/MakeResponse.go:5.61,11.2 1 0
github.com/resistance22/university_project/Utils/MakeResponse.go:13.39,19.2 1 0
github.com/resistance22/university_project/Utils/convertToJsonForm.go:5.81,9.29 3 1
github.com/resistance22/university_project/Utils/convertToJsonForm.go:9.29,11.3 1 1
github.com/resistance22/university_project/Utils/convertToJsonForm.go:13.2,14.36 2 1
github.com/resistance22/university_project/Utils/convertToJsonForm.go:14.36,18.38 4 3
github.com/resistance22/university_project/Utils/convertToJsonForm.go:18.38,20.4 1 1
github.com/resistance22/university_project/Utils/convertToJsonForm.go:21.3,21.38 1 3
github.com/resistance22/university_project/Utils/convertToJsonForm.go:24.2,24.20 1 1
github.com/resistance22/university_project/Utils/hashString.go:5.45,8.2 2 1
github.com/resistance22/university_project/Config/config.go:12.74,21.16 6 1
github.com/resistance22/university_project/Config/config.go:21.16,23.3 1 0
github.com/resistance22/university_project/Config/config.go:25.2,26.8 2 1
github.com/resistance22/university_project/Repository/user.go:26.63,53.2 1 2
github.com/resistance22/university_project/Repository/user.go:55.69,57.16 2 1
github.com/resistance22/university_project/Repository/user.go:57.16,59.3 1 0
github.com/resistance22/university_project/Repository/user.go:60.2,67.8 1 1
github.com/resistance22/university_project/Repository/user.go:70.84,74.2 3 2
github.com/resistance22/university_project/Repository/user.go:76.106,81.16 2 1
github.com/resistance22/university_project/Repository/user.go:81.16,83.3 1 0
github.com/resistance22/university_project/Repository/user.go:85.2,85.38 1 1
github.com/resistance22/university_project/Repository/user.go:88.57,92.2 1 0
github.com/resistance22/university_project/Repository/user_mock.go:13.88,15.2 1 0
github.com/resistance22/university_project/Repository/user_mock.go:17.110,20.16 2 0
github.com/resistance22/university_project/Repository/user_mock.go:20.16,22.3 1 0
github.com/resistance22/university_project/Repository/user_mock.go:24.2,31.8 1 0
github.com/resistance22/university_project/Repository/user_mock.go:34.46,36.2 1 0
